<?xml version="1.0" encoding="utf-8" standalone="no"?>
<!--This file represents the results of running a test suite-->
<test-results name="C:\CustomerManagement\src\CustomerManagementTest\bin\Debug\CustomerManagementTest.dll" total="77" errors="0" failures="0" not-run="0" inconclusive="0" ignored="0" skipped="0" invalid="0" date="2012-12-07" time="02:27:04">
  <environment nunit-version="2.6.0.12051" clr-version="4.0.30319.17929" os-version="Microsoft Windows NT 6.1.7601 Service Pack 1" platform="Win32NT" cwd="C:\CustomerManagement\src\CustomerManagementTest\bin\Debug" machine-name="TICKR-DEV03" user="richard.lai" user-domain="TICKR" />
  <culture-info current-culture="en-US" current-uiculture="en-US" />
  <test-suite type="Assembly" name="C:\CustomerManagement\src\CustomerManagementTest\bin\Debug\CustomerManagementTest.dll" executed="True" result="Success" success="True" time="125.469" asserts="0">
    <results>
      <test-suite type="Namespace" name="CustomerManagementTest" executed="True" result="Success" success="True" time="125.406" asserts="0">
        <results>
          <test-suite type="TestFixture" name="AddressTest" executed="True" result="Success" success="True" time="9.672" asserts="0">
            <results>
              <test-case name="CustomerManagementTest.AddressTest.Create" executed="True" result="Success" success="True" time="1.891" asserts="2" />
              <test-case name="CustomerManagementTest.AddressTest.Delete" executed="True" result="Success" success="True" time="1.516" asserts="1" />
              <test-case name="CustomerManagementTest.AddressTest.Read" executed="True" result="Success" success="True" time="1.609" asserts="1" />
              <test-case name="CustomerManagementTest.AddressTest.TestCountryString_And_Enum" executed="True" result="Success" success="True" time="1.641" asserts="3" />
              <test-case name="CustomerManagementTest.AddressTest.Update" executed="True" result="Success" success="True" time="1.469" asserts="1" />
              <test-case name="CustomerManagementTest.AddressTest.Update_WithDifferentCountry" executed="True" result="Success" success="True" time="1.516" asserts="1" />
            </results>
          </test-suite>
          <test-suite type="TestFixture" name="CustomerManagerTest" executed="True" result="Success" success="True" time="72.438" asserts="0">
            <results>
              <test-case name="CustomerManagementTest.CustomerManagerTest.Test_Create_Read_PaymentType" executed="True" result="Success" success="True" time="1.594" asserts="2" />
              <test-case name="CustomerManagementTest.CustomerManagerTest.Test_Create_ReadInvoice" executed="True" result="Success" success="True" time="1.641" asserts="7" />
              <test-case name="CustomerManagementTest.CustomerManagerTest.Test_Create_ReadInvoice_WithoutUiITems" executed="True" result="Success" success="True" time="1.563" asserts="1" />
              <test-case name="CustomerManagementTest.CustomerManagerTest.Test_Create_ReadInvoice_WithVoid" executed="True" result="Success" success="True" time="1.391" asserts="1" />
              <test-case name="CustomerManagementTest.CustomerManagerTest.Test_Create_ReadPayment" executed="True" result="Success" success="True" time="1.578" asserts="1" />
              <test-case name="CustomerManagementTest.CustomerManagerTest.TestCreateAddress" executed="True" result="Success" success="True" time="1.500" asserts="2" />
              <test-case name="CustomerManagementTest.CustomerManagerTest.TestCreateAddress_WithInvalidState" executed="True" result="Success" success="True" time="1.453" asserts="1" />
              <test-case name="CustomerManagementTest.CustomerManagerTest.TestCreateAddress_WithoutCity" executed="True" result="Success" success="True" time="1.516" asserts="1" />
              <test-case name="CustomerManagementTest.CustomerManagerTest.TestCreateAddress_WithoutLine1" executed="True" result="Success" success="True" time="1.594" asserts="1" />
              <test-case name="CustomerManagementTest.CustomerManagerTest.TestCreateAddress_WithoutState" executed="True" result="Success" success="True" time="1.547" asserts="1" />
              <test-case name="CustomerManagementTest.CustomerManagerTest.TestCreateAddress_WithoutZip" executed="True" result="Success" success="True" time="1.625" asserts="1" />
              <test-case name="CustomerManagementTest.CustomerManagerTest.TestCreateCustomer" executed="True" result="Success" success="True" time="1.469" asserts="2" />
              <test-case name="CustomerManagementTest.CustomerManagerTest.TestCreateCustomer_WithoutEmail" executed="True" result="Success" success="True" time="1.484" asserts="1" />
              <test-case name="CustomerManagementTest.CustomerManagerTest.TestCreateCustomer_WithoutFirstName" executed="True" result="Success" success="True" time="1.516" asserts="1" />
              <test-case name="CustomerManagementTest.CustomerManagerTest.TestCreateCustomer_WithoutLastName" executed="True" result="Success" success="True" time="1.484" asserts="1" />
              <test-case name="CustomerManagementTest.CustomerManagerTest.TestCreateCustomer_WithoutType" executed="True" result="Success" success="True" time="1.625" asserts="1" />
              <test-case name="CustomerManagementTest.CustomerManagerTest.TestCreateItem" executed="True" result="Success" success="True" time="1.453" asserts="2" />
              <test-case name="CustomerManagementTest.CustomerManagerTest.TestCreatePhone" executed="True" result="Success" success="True" time="1.500" asserts="2" />
              <test-case name="CustomerManagementTest.CustomerManagerTest.TestCreatePhone_WithoutCode" executed="True" result="Success" success="True" time="1.547" asserts="1" />
              <test-case name="CustomerManagementTest.CustomerManagerTest.TestCreatePhone_WithoutNumber" executed="True" result="Success" success="True" time="1.359" asserts="1" />
              <test-case name="CustomerManagementTest.CustomerManagerTest.TestDeleteAddress" executed="True" result="Success" success="True" time="1.625" asserts="1" />
              <test-case name="CustomerManagementTest.CustomerManagerTest.TestDeleteCustomer" executed="True" result="Success" success="True" time="1.516" asserts="1" />
              <test-case name="CustomerManagementTest.CustomerManagerTest.TestDeleteInvoiceDetail" executed="True" result="Success" success="True" time="1.484" asserts="1" />
              <test-case name="CustomerManagementTest.CustomerManagerTest.TestDeleteItem" executed="True" result="Success" success="True" time="1.453" asserts="1" />
              <test-case name="CustomerManagementTest.CustomerManagerTest.TestDeletePayment" executed="True" result="Success" success="True" time="1.547" asserts="1" />
              <test-case name="CustomerManagementTest.CustomerManagerTest.TestDeletePaymentType" executed="True" result="Success" success="True" time="1.594" asserts="1" />
              <test-case name="CustomerManagementTest.CustomerManagerTest.TestDeletePhone" executed="True" result="Success" success="True" time="1.422" asserts="1" />
              <test-case name="CustomerManagementTest.CustomerManagerTest.TestGetInvoiceDetail" executed="True" result="Success" success="True" time="1.531" asserts="1" />
              <test-case name="CustomerManagementTest.CustomerManagerTest.TestReadAddress" executed="True" result="Success" success="True" time="1.422" asserts="1" />
              <test-case name="CustomerManagementTest.CustomerManagerTest.TestReadCustomer" executed="True" result="Success" success="True" time="1.656" asserts="1" />
              <test-case name="CustomerManagementTest.CustomerManagerTest.TestReadItem" executed="True" result="Success" success="True" time="1.344" asserts="2" />
              <test-case name="CustomerManagementTest.CustomerManagerTest.TestReadPhone" executed="True" result="Success" success="True" time="1.703" asserts="1" />
              <test-case name="CustomerManagementTest.CustomerManagerTest.TestUpdateAddress" executed="True" result="Success" success="True" time="1.484" asserts="1" />
              <test-case name="CustomerManagementTest.CustomerManagerTest.TestUpdateAddress_WithInvalidState" executed="True" result="Success" success="True" time="1.547" asserts="1" />
              <test-case name="CustomerManagementTest.CustomerManagerTest.TestUpdateCustomer" executed="True" result="Success" success="True" time="1.734" asserts="2" />
              <test-case name="CustomerManagementTest.CustomerManagerTest.TestUpdateInvoice" executed="True" result="Success" success="True" time="1.531" asserts="1" />
              <test-case name="CustomerManagementTest.CustomerManagerTest.TestUpdateInvoiceDetail" executed="True" result="Success" success="True" time="1.547" asserts="1" />
              <test-case name="CustomerManagementTest.CustomerManagerTest.TestUpdateItem" executed="True" result="Success" success="True" time="1.500" asserts="1" />
              <test-case name="CustomerManagementTest.CustomerManagerTest.TestUpdatePayment" executed="True" result="Success" success="True" time="1.719" asserts="1" />
              <test-case name="CustomerManagementTest.CustomerManagerTest.TestUpdatePaymentType" executed="True" result="Success" success="True" time="1.406" asserts="1" />
              <test-case name="CustomerManagementTest.CustomerManagerTest.TestUpdatePhone" executed="True" result="Success" success="True" time="1.438" asserts="1" />
              <test-case name="CustomerManagementTest.CustomerManagerTest.TestVoidInvoice" executed="True" result="Success" success="True" time="1.484" asserts="1" />
            </results>
          </test-suite>
          <test-suite type="TestFixture" name="CustomerTest" executed="True" result="Success" success="True" time="8.828" asserts="0">
            <results>
              <test-case name="CustomerManagementTest.CustomerTest.TestCreate" executed="True" result="Success" success="True" time="1.563" asserts="2" />
              <test-case name="CustomerManagementTest.CustomerTest.TestDefaultPaymentType" executed="True" result="Success" success="True" time="1.375" asserts="0" />
              <test-case name="CustomerManagementTest.CustomerTest.TestDelete" executed="True" result="Success" success="True" time="1.625" asserts="1" />
              <test-case name="CustomerManagementTest.CustomerTest.TestModifyBalance" executed="True" result="Success" success="True" time="1.391" asserts="2" />
              <test-case name="CustomerManagementTest.CustomerTest.TestRead" executed="True" result="Success" success="True" time="1.344" asserts="2" />
              <test-case name="CustomerManagementTest.CustomerTest.TestUpdate" executed="True" result="Success" success="True" time="1.516" asserts="4" />
            </results>
          </test-suite>
          <test-suite type="TestFixture" name="InvoiceDetailDetail" executed="True" result="Success" success="True" time="4.422" asserts="0">
            <results>
              <test-case name="CustomerManagementTest.InvoiceDetailDetail.Create_Read" executed="True" result="Success" success="True" time="1.391" asserts="1" />
              <test-case name="CustomerManagementTest.InvoiceDetailDetail.Delete" executed="True" result="Success" success="True" time="1.625" asserts="1" />
              <test-case name="CustomerManagementTest.InvoiceDetailDetail.Update" executed="True" result="Success" success="True" time="1.391" asserts="1" />
            </results>
          </test-suite>
          <test-suite type="TestFixture" name="InvoiceTest" executed="True" result="Success" success="True" time="6.250" asserts="0">
            <results>
              <test-case name="CustomerManagementTest.InvoiceTest.Create_Read" executed="True" result="Success" success="True" time="1.469" asserts="1" />
              <test-case name="CustomerManagementTest.InvoiceTest.Delete" executed="True" result="Success" success="True" time="1.563" asserts="1" />
              <test-case name="CustomerManagementTest.InvoiceTest.InvoiceType" executed="True" result="Success" success="True" time="1.547" asserts="1" />
              <test-case name="CustomerManagementTest.InvoiceTest.Update" executed="True" result="Success" success="True" time="1.656" asserts="2" />
            </results>
          </test-suite>
          <test-suite type="TestFixture" name="ItemPricingTest" executed="True" result="Success" success="True" time="4.484" asserts="0">
            <results>
              <test-case name="CustomerManagementTest.ItemPricingTest.Create_Read" executed="True" result="Success" success="True" time="1.594" asserts="1" />
              <test-case name="CustomerManagementTest.ItemPricingTest.Delete" executed="True" result="Success" success="True" time="1.406" asserts="1" />
              <test-case name="CustomerManagementTest.ItemPricingTest.Update" executed="True" result="Success" success="True" time="1.484" asserts="1" />
            </results>
          </test-suite>
          <test-suite type="TestFixture" name="ItemTest" executed="True" result="Success" success="True" time="5.563" asserts="0">
            <results>
              <test-case name="CustomerManagementTest.ItemTest.Create_Read" executed="True" result="Success" success="True" time="1.328" asserts="3" />
              <test-case name="CustomerManagementTest.ItemTest.Delete" executed="True" result="Success" success="True" time="1.328" asserts="1" />
              <test-case name="CustomerManagementTest.ItemTest.TestItemPricing" executed="True" result="Success" success="True" time="1.406" asserts="1" />
              <test-case name="CustomerManagementTest.ItemTest.Update" executed="True" result="Success" success="True" time="1.500" asserts="1" />
            </results>
          </test-suite>
          <test-suite type="TestFixture" name="PaymentTest" executed="True" result="Success" success="True" time="4.422" asserts="0">
            <results>
              <test-case name="CustomerManagementTest.PaymentTest.Create_Read" executed="True" result="Success" success="True" time="1.531" asserts="1" />
              <test-case name="CustomerManagementTest.PaymentTest.Delete" executed="True" result="Success" success="True" time="1.391" asserts="1" />
              <test-case name="CustomerManagementTest.PaymentTest.Update" executed="True" result="Success" success="True" time="1.484" asserts="1" />
            </results>
          </test-suite>
          <test-suite type="TestFixture" name="PaymentTypeType" executed="True" result="Success" success="True" time="4.531" asserts="0">
            <results>
              <test-case name="CustomerManagementTest.PaymentTypeType.Create_Read" executed="True" result="Success" success="True" time="1.563" asserts="1" />
              <test-case name="CustomerManagementTest.PaymentTypeType.Delete" executed="True" result="Success" success="True" time="1.531" asserts="1" />
              <test-case name="CustomerManagementTest.PaymentTypeType.Update" executed="True" result="Success" success="True" time="1.438" asserts="1" />
            </results>
          </test-suite>
          <test-suite type="TestFixture" name="PhoneTest" executed="True" result="Success" success="True" time="4.781" asserts="0">
            <results>
              <test-case name="CustomerManagementTest.PhoneTest.Create_Read" executed="True" result="Success" success="True" time="1.500" asserts="1" />
              <test-case name="CustomerManagementTest.PhoneTest.Delete" executed="True" result="Success" success="True" time="1.844" asserts="1" />
              <test-case name="CustomerManagementTest.PhoneTest.Update" executed="True" result="Success" success="True" time="1.422" asserts="1" />
            </results>
          </test-suite>
        </results>
      </test-suite>
    </results>
  </test-suite>
</test-results>